<?xml version="1.0" encoding="UTF-8"?>
<!-- Generated by org.testng.reporters.JUnitReportReporter -->
<testsuite skipped="0" hostname="DESKTOP-47CBB23" name="pack1.GoogleTest" tests="1" failures="0" timestamp="2020-10-31T17:37:42 IST" time="62.510" errors="0">
  <testcase name="set" time="62.510" classname="pack1.GoogleTest"/>
  <system-out/>
</testsuite> <!-- pack1.GoogleTest -->
